TN:
SF:src/components/LoginForm.ts
DA:1,1
DA:2,1
DA:3,1
DA:4,1
DA:5,1
DA:6,0
LF:6
LH:5
BRF:4
BRH:3
end_of_record
SF:src/components/ProfilePanel.ts
DA:1,1
DA:2,1
DA:3,0
DA:4,0
LF:4
LH:2
BRF:6
BRH:2
end_of_record
SF:src/components/CheckoutSummary.ts
DA:1,1
DA:2,1
DA:3,1
DA:4,1
DA:5,0
LF:5
LH:4
BRF:5
BRH:4
end_of_record
SF:src/components/ReceiptPanel.ts
DA:1,1
DA:2,1
DA:3,1
LF:3
LH:3
BRF:2
BRH:2
end_of_record
SF:src/components/SecurityBanner.ts
DA:1,1
DA:2,0
DA:3,0
DA:4,0
LF:4
LH:1
BRF:4
BRH:1
end_of_record
SF:src/components/ReportExport.ts
DA:1,1
DA:2,1
DA:3,1
DA:4,0
DA:5,0
LF:5
LH:3
BRF:4
BRH:2
end_of_record
SF:src/components/SearchPanel.ts
DA:1,1
DA:2,1
DA:3,0
DA:4,0
DA:5,0
LF:5
LH:2
BRF:6
BRH:2
end_of_record
