<?xml version="1.0" encoding="UTF-8"?>
<testsuite name="frontend.components" tests="16" failures="1" errors="1" skipped="2">
  <testcase classname="frontend.components.LoginForm" name="renders validation copy JIRA-201" file="src/components/LoginForm.test.ts" line="18" time="0.04"/>
  <testcase classname="frontend.components.LoginForm" name="submits valid login JIRA-201 JIRA-203" file="src/components/LoginForm.test.ts" line="46" time="0.07"/>
  <testcase classname="frontend.components.LoginForm" name="shows locked account warning JIRA-101 JIRA-401" file="src/components/LoginForm.test.ts" line="83" time="0.05"/>
  <testcase classname="frontend.components.ProfilePanel" name="shows optional avatar JIRA-202" file="src/components/ProfilePanel.test.ts" line="29" time="0.01">
    <skipped message="feature flag disabled"/>
  </testcase>
  <testcase classname="frontend.components.ProfilePanel" name="rejects unsupported image type JIRA-202 JIRA-401" file="src/components/ProfilePanel.test.ts" line="62" time="0.06"/>
  <testcase classname="frontend.components.CheckoutSummary" name="renders order totals JIRA-301" file="src/components/CheckoutSummary.test.ts" line="33" time="0.09"/>
  <testcase classname="frontend.components.CheckoutSummary" name="surfaces inventory reservation failure JIRA-501" file="src/components/CheckoutSummary.test.ts" line="78" time="0.11">
    <failure message="Expected reservation error banner">AssertionError: expected element to contain text: inventory reservation failed
  at src/components/CheckoutSummary.test.ts:78:22
  at src/components/CheckoutSummary.vue:141:9</failure>
  </testcase>
  <testcase classname="frontend.components.ReceiptPanel" name="renders printable receipt JIRA-302" file="src/components/ReceiptPanel.test.ts" line="24" time="0.05"/>
  <testcase classname="frontend.components.ReceiptPanel" name="archives receipt metadata JIRA-302 JIRA-601" file="src/components/ReceiptPanel.test.ts" line="57" time="0.08"/>
  <testcase classname="frontend.components.SecurityBanner" name="shows webhook warning JIRA-401" file="src/components/SecurityBanner.test.ts" line="42" time="0.03"/>
  <testcase classname="frontend.components.ReportExport" name="downloads audit export JIRA-601" file="src/components/ReportExport.test.ts" line="36" time="0.13"/>
  <testcase classname="frontend.components.ReportExport" name="handles empty export state" file="src/components/ReportExport.test.ts" line="64" time="0.02"/>
  <testcase classname="frontend.components.BillingEvents" name="renders invoice timeline JIRA-602" file="src/components/BillingEvents.test.ts" line="31" time="0.01">
    <skipped message="contract fixture unavailable"/>
  </testcase>
  <testcase classname="frontend.components.SearchPanel" name="renders search index status JIRA-777" file="src/components/SearchPanel.test.ts" line="27" time="0.16"/>
  <testcase classname="frontend.components.SearchPanel" name="refreshes search index JIRA-777" file="src/components/SearchPanel.test.ts" line="58" time="0.42"/>
  <testcase classname="frontend.components.FeatureFlags" name="loads feature flag matrix JIRA-701" file="src/components/FeatureFlags.test.ts" line="88" time="0.05">
    <error message="Mock service worker did not start">Error: Mock service worker did not start
  at src/test/setup/msw.ts:19:11
  at src/components/FeatureFlags.test.ts:88:5</error>
  </testcase>
</testsuite>
